app/build/outputs/logs/manifest-merger-debug-report.txt
-- Merging decision tree log ---
manifest
ADDED from src\main\AndroidManifest.xml:3:1-312:12
INJECTED from src\main\AndroidManifest.xml:3:1-312:12
INJECTED from src\main\AndroidManifest.xml:3:1-312:12
INJECTED from src\main\AndroidManifest.xml:3:1-312:12
MERGED from [com.alibaba.sdk.android.openaccount:openaccount-ui-default:3.5.1.8] AndroidManifest.xml:2:1-107:12
MERGED from [com.alibaba.sdk.android.openaccount:openaccount-core:3.5.1.8] AndroidManifest.xml:2:1-25:12
MERGED from [com.android.support:design:25.1.0] AndroidManifest.xml:17:1-27:12
MERGED from [com.android.support:transition:25.1.0] AndroidManifest.xml:17:1-24:12
MERGED from [com.lovedise:permissiongen:0.0.6] AndroidManifest.xml:2:1-17:12
MERGED from [com.android.support:appcompat-v7:25.1.0] AndroidManifest.xml:17:1-27:12
MERGED from [com.android.support:support-v4:25.1.0] AndroidManifest.xml:17:1-27:12
MERGED from [com.android.support.constraint:constraint-layout:1.1.2] AndroidManifest.xml:2:1-11:12
MERGED from [com.android.support:recyclerview-v7:25.1.0] AndroidManifest.xml:17:1-22:12
MERGED from [com.android.support:support-fragment:25.1.0] AndroidManifest.xml:17:1-27:12
MERGED from [com.android.support:support-core-ui:25.1.0] AndroidManifest.xml:17:1-27:12
MERGED from [com.android.support:support-media-compat:25.1.0] AndroidManifest.xml:17:1-27:12
MERGED from [com.android.support:support-core-utils:25.1.0] AndroidManifest.xml:17:1-27:12
MERGED from [com.android.support:animated-vector-drawable:25.1.0] AndroidManifest.xml:17:1-24:12
MERGED from [com.android.support:support-vector-drawable:25.1.0] AndroidManifest.xml:17:1-25:12
MERGED from [com.android.support:support-compat:25.1.0] AndroidManifest.xml:17:1-27:12
INJECTED from src\main\AndroidManifest.xml:3:1-312:12
INJECTED from src\main\AndroidManifest.xml:3:1-312:12
INJECTED from src\main\AndroidManifest.xml:3:1-312:12
	package
		ADDED from src\main\AndroidManifest.xml:4:5-46
		INJECTED from src\main\AndroidManifest.xml
		INJECTED from src\main\AndroidManifest.xml
	android:versionName
		ADDED from src\main\AndroidManifest.xml:6:5-32
		INJECTED from src\main\AndroidManifest.xml
		INJECTED from src\main\AndroidManifest.xml
	xmlns:android
		ADDED from src\main\AndroidManifest.xml:3:11-69
	android:versionCode
		ADDED from src\main\AndroidManifest.xml:5:5-28
		INJECTED from src\main\AndroidManifest.xml
		INJECTED from src\main\AndroidManifest.xml
uses-permission#android.permission.FLASHLIGHT
ADDED from src\main\AndroidManifest.xml:8:5-69
	android:name
		ADDED from src\main\AndroidManifest.xml:8:22-66
uses-permission#android.permission.CAMERA
ADDED from src\main\AndroidManifest.xml:11:5-65
	android:name
		ADDED from src\main\AndroidManifest.xml:11:22-62
uses-feature#android.hardware.camera
ADDED from src\main\AndroidManifest.xml:13:5-60
	android:name
		ADDED from src\main\AndroidManifest.xml:13:19-57
uses-feature#android.hardware.autofocus
ADDED from src\main\AndroidManifest.xml:14:5-63
	android:name
		ADDED from src\main\AndroidManifest.xml:14:19-60
uses-permission#android.permission.READ_EXTERNAL_STORAGE
ADDED from src\main\AndroidManifest.xml:16:5-80
MERGED from [com.alibaba.sdk.android.openaccount:openaccount-ui-default:3.5.1.8] AndroidManifest.xml:19:5-80
MERGED from [com.alibaba.sdk.android.openaccount:openaccount-ui-default:3.5.1.8] AndroidManifest.xml:19:5-80
MERGED from [com.alibaba.sdk.android.openaccount:openaccount-core:3.5.1.8] AndroidManifest.xml:19:5-80
MERGED from [com.alibaba.sdk.android.openaccount:openaccount-core:3.5.1.8] AndroidManifest.xml:19:5-80
	android:name
		ADDED from src\main\AndroidManifest.xml:16:22-77
uses-permission#android.permission.CALL_PHONE
ADDED from src\main\AndroidManifest.xml:17:5-69
	android:name
		ADDED from src\main\AndroidManifest.xml:17:22-66
uses-permission#android.permission.WRITE_EXTERNAL_STORAGE
ADDED from src\main\AndroidManifest.xml:18:5-81
MERGED from [com.alibaba.sdk.android.openaccount:openaccount-ui-default:3.5.1.8] AndroidManifest.xml:13:5-81
MERGED from [com.alibaba.sdk.android.openaccount:openaccount-ui-default:3.5.1.8] AndroidManifest.xml:13:5-81
MERGED from [com.alibaba.sdk.android.openaccount:openaccount-core:3.5.1.8] AndroidManifest.xml:13:5-81
MERGED from [com.alibaba.sdk.android.openaccount:openaccount-core:3.5.1.8] AndroidManifest.xml:13:5-81
	android:name
		ADDED from src\main\AndroidManifest.xml:18:22-78
uses-permission#android.permission.GET_ACCOUNTS
ADDED from src\main\AndroidManifest.xml:19:5-71
	android:name
		ADDED from src\main\AndroidManifest.xml:19:22-68
uses-permission#android.permission.USE_CREDENTIALS
ADDED from src\main\AndroidManifest.xml:20:5-74
	android:name
		ADDED from src\main\AndroidManifest.xml:20:22-71
uses-permission#android.permission.MANAGE_ACCOUNTS
ADDED from src\main\AndroidManifest.xml:21:5-74
	android:name
		ADDED from src\main\AndroidManifest.xml:21:22-71
uses-permission#android.permission.AUTHENTICATE_ACCOUNTS
ADDED from src\main\AndroidManifest.xml:22:5-80
	android:name
		ADDED from src\main\AndroidManifest.xml:22:22-77
uses-permission#android.permission.ACCESS_NETWORK_STATE
ADDED from src\main\AndroidManifest.xml:23:5-79
MERGED from [com.alibaba.sdk.android.openaccount:openaccount-ui-default:3.5.1.8] AndroidManifest.xml:14:5-79
MERGED from [com.alibaba.sdk.android.openaccount:openaccount-ui-default:3.5.1.8] AndroidManifest.xml:14:5-79
MERGED from [com.alibaba.sdk.android.openaccount:openaccount-core:3.5.1.8] AndroidManifest.xml:14:5-79
MERGED from [com.alibaba.sdk.android.openaccount:openaccount-core:3.5.1.8] AndroidManifest.xml:14:5-79
	android:name
		ADDED from src\main\AndroidManifest.xml:23:22-76
uses-permission#android.permission.INTERNET
ADDED from src\main\AndroidManifest.xml:24:5-67
MERGED from [com.alibaba.sdk.android.openaccount:openaccount-ui-default:3.5.1.8] AndroidManifest.xml:18:5-67
MERGED from [com.alibaba.sdk.android.openaccount:openaccount-ui-default:3.5.1.8] AndroidManifest.xml:18:5-67
MERGED from [com.alibaba.sdk.android.openaccount:openaccount-core:3.5.1.8] AndroidManifest.xml:18:5-67
MERGED from [com.alibaba.sdk.android.openaccount:openaccount-core:3.5.1.8] AndroidManifest.xml:18:5-67
	android:name
		ADDED from src\main\AndroidManifest.xml:24:22-64
uses-permission#android.permission.RECEIVE_BOOT_COMPLETED
ADDED from src\main\AndroidManifest.xml:25:5-81
	android:name
		ADDED from src\main\AndroidManifest.xml:25:22-78
uses-permission#com.android.launcher.permission.READ_SETTINGS
ADDED from src\main\AndroidManifest.xml:26:5-85
	android:name
		ADDED from src\main\AndroidManifest.xml:26:22-82
uses-permission#android.permission.CHANGE_WIFI_STATE
ADDED from src\main\AndroidManifest.xml:27:5-76
	android:name
		ADDED from src\main\AndroidManifest.xml:27:22-73
uses-permission#android.permission.ACCESS_WIFI_STATE
ADDED from src\main\AndroidManifest.xml:28:5-76
MERGED from [com.alibaba.sdk.android.openaccount:openaccount-ui-default:3.5.1.8] AndroidManifest.xml:15:5-76
MERGED from [com.alibaba.sdk.android.openaccount:openaccount-ui-default:3.5.1.8] AndroidManifest.xml:15:5-76
MERGED from [com.alibaba.sdk.android.openaccount:openaccount-core:3.5.1.8] AndroidManifest.xml:15:5-76
MERGED from [com.alibaba.sdk.android.openaccount:openaccount-core:3.5.1.8] AndroidManifest.xml:15:5-76
	android:name
		ADDED from src\main\AndroidManifest.xml:28:22-73
uses-permission#android.permission.READ_PHONE_STATE
ADDED from src\main\AndroidManifest.xml:30:5-75
MERGED from [com.alibaba.sdk.android.openaccount:openaccount-ui-default:3.5.1.8] AndroidManifest.xml:16:5-75
MERGED from [com.alibaba.sdk.android.openaccount:openaccount-ui-default:3.5.1.8] AndroidManifest.xml:16:5-75
MERGED from [com.alibaba.sdk.android.openaccount:openaccount-core:3.5.1.8] AndroidManifest.xml:16:5-75
MERGED from [com.alibaba.sdk.android.openaccount:openaccount-core:3.5.1.8] AndroidManifest.xml:16:5-75
	android:name
		ADDED from src\main\AndroidManifest.xml:30:22-72
uses-permission#android.permission.BROADCAST_STICKY
ADDED from src\main\AndroidManifest.xml:31:5-75
	android:name
		ADDED from src\main\AndroidManifest.xml:31:22-72
uses-permission#android.permission.ACCESS_DOWNLOAD_MANAGER
ADDED from src\main\AndroidManifest.xml:39:5-82
	android:name
		ADDED from src\main\AndroidManifest.xml:39:22-79
uses-permission#android.permission.DOWNLOAD_WITHOUT_NOTIFICATION
ADDED from src\main\AndroidManifest.xml:40:5-88
	android:name
		ADDED from src\main\AndroidManifest.xml:40:22-85
uses-permission#android.permission.DISABLE_KEYGUARD
ADDED from src\main\AndroidManifest.xml:41:5-75
	android:name
		ADDED from src\main\AndroidManifest.xml:41:22-72
uses-permission#android.permission.ACCESS_COARSE_LOCATION
ADDED from src\main\AndroidManifest.xml:42:5-81
	android:name
		ADDED from src\main\AndroidManifest.xml:42:22-78
uses-permission#android.permission.WAKE_LOCK
ADDED from src\main\AndroidManifest.xml:49:5-68
	android:name
		ADDED from src\main\AndroidManifest.xml:49:22-65
uses-permission#android.permission.VIBRATE
ADDED from src\main\AndroidManifest.xml:50:5-66
	android:name
		ADDED from src\main\AndroidManifest.xml:50:22-63
uses-permission#android.permission.RECEIVE_USER_PRESENT
ADDED from src\main\AndroidManifest.xml:52:5-79
	android:name
		ADDED from src\main\AndroidManifest.xml:52:22-76
uses-permission#android.permission.KILL_BACKGROUND_PROCESSES
ADDED from src\main\AndroidManifest.xml:58:5-84
	android:name
		ADDED from src\main\AndroidManifest.xml:58:22-81
uses-permission#android.permission.BLUETOOTH
ADDED from src\main\AndroidManifest.xml:59:5-68
	android:name
		ADDED from src\main\AndroidManifest.xml:59:22-65
uses-sdk
ADDED from src\main\AndroidManifest.xml:62:5-64:41
INJECTED from src\main\AndroidManifest.xml:62:5-64:41
INJECTED from src\main\AndroidManifest.xml:62:5-64:41
MERGED from [com.alibaba.sdk.android.openaccount:openaccount-ui-default:3.5.1.8] AndroidManifest.xml:8:5-11:306
MERGED from [com.alibaba.sdk.android.openaccount:openaccount-ui-default:3.5.1.8] AndroidManifest.xml:8:5-11:306
MERGED from [com.alibaba.sdk.android.openaccount:openaccount-core:3.5.1.8] AndroidManifest.xml:8:5-11:237
MERGED from [com.alibaba.sdk.android.openaccount:openaccount-core:3.5.1.8] AndroidManifest.xml:8:5-11:237
MERGED from [com.android.support:design:25.1.0] AndroidManifest.xml:21:5-23:62
MERGED from [com.android.support:design:25.1.0] AndroidManifest.xml:21:5-23:62
MERGED from [com.android.support:transition:25.1.0] AndroidManifest.xml:20:5-44
MERGED from [com.android.support:transition:25.1.0] AndroidManifest.xml:20:5-44
MERGED from [com.lovedise:permissiongen:0.0.6] AndroidManifest.xml:7:5-9:41
MERGED from [com.lovedise:permissiongen:0.0.6] AndroidManifest.xml:7:5-9:41
MERGED from [com.android.support:appcompat-v7:25.1.0] AndroidManifest.xml:21:5-23:78
MERGED from [com.android.support:appcompat-v7:25.1.0] AndroidManifest.xml:21:5-23:78
MERGED from [com.android.support:support-v4:25.1.0] AndroidManifest.xml:21:5-23:54
MERGED from [com.android.support:support-v4:25.1.0] AndroidManifest.xml:21:5-23:54
MERGED from [com.android.support.constraint:constraint-layout:1.1.2] AndroidManifest.xml:5:5-7:41
MERGED from [com.android.support.constraint:constraint-layout:1.1.2] AndroidManifest.xml:5:5-7:41
MERGED from [com.android.support:recyclerview-v7:25.1.0] AndroidManifest.xml:20:5-43
MERGED from [com.android.support:recyclerview-v7:25.1.0] AndroidManifest.xml:20:5-43
MERGED from [com.android.support:support-fragment:25.1.0] AndroidManifest.xml:21:5-23:60
MERGED from [com.android.support:support-fragment:25.1.0] AndroidManifest.xml:21:5-23:60
MERGED from [com.android.support:support-core-ui:25.1.0] AndroidManifest.xml:21:5-23:58
MERGED from [com.android.support:support-core-ui:25.1.0] AndroidManifest.xml:21:5-23:58
MERGED from [com.android.support:support-media-compat:25.1.0] AndroidManifest.xml:21:5-23:63
MERGED from [com.android.support:support-media-compat:25.1.0] AndroidManifest.xml:21:5-23:63
MERGED from [com.android.support:support-core-utils:25.1.0] AndroidManifest.xml:21:5-23:61
MERGED from [com.android.support:support-core-utils:25.1.0] AndroidManifest.xml:21:5-23:61
MERGED from [com.android.support:animated-vector-drawable:25.1.0] AndroidManifest.xml:20:5-44
MERGED from [com.android.support:animated-vector-drawable:25.1.0] AndroidManifest.xml:20:5-44
MERGED from [com.android.support:support-vector-drawable:25.1.0] AndroidManifest.xml:21:5-43
MERGED from [com.android.support:support-vector-drawable:25.1.0] AndroidManifest.xml:21:5-43
MERGED from [com.android.support:support-compat:25.1.0] AndroidManifest.xml:21:5-23:58
MERGED from [com.android.support:support-compat:25.1.0] AndroidManifest.xml:21:5-23:58
INJECTED from src\main\AndroidManifest.xml:62:5-64:41
INJECTED from src\main\AndroidManifest.xml:62:5-64:41
	tools:overrideLibrary
		ADDED from [com.alibaba.sdk.android.openaccount:openaccount-ui-default:3.5.1.8] AndroidManifest.xml:11:9-303
	android:targetSdkVersion
		ADDED from src\main\AndroidManifest.xml:64:9-38
		INJECTED from src\main\AndroidManifest.xml
		INJECTED from src\main\AndroidManifest.xml
	android:minSdkVersion
		ADDED from src\main\AndroidManifest.xml:63:9-35
		INJECTED from src\main\AndroidManifest.xml
		INJECTED from src\main\AndroidManifest.xml
application
ADDED from src\main\AndroidManifest.xml:66:5-310:19
MERGED from [com.alibaba.sdk.android.openaccount:openaccount-ui-default:3.5.1.8] AndroidManifest.xml:23:5-105:19
MERGED from [com.alibaba.sdk.android.openaccount:openaccount-ui-default:3.5.1.8] AndroidManifest.xml:23:5-105:19
MERGED from [com.alibaba.sdk.android.openaccount:openaccount-core:3.5.1.8] AndroidManifest.xml:22:5-23:19
MERGED from [com.alibaba.sdk.android.openaccount:openaccount-core:3.5.1.8] AndroidManifest.xml:22:5-23:19
MERGED from [com.android.support:design:25.1.0] AndroidManifest.xml:25:5-20
MERGED from [com.android.support:design:25.1.0] AndroidManifest.xml:25:5-20
MERGED from [com.android.support:transition:25.1.0] AndroidManifest.xml:22:5-20
MERGED from [com.android.support:transition:25.1.0] AndroidManifest.xml:22:5-20
MERGED from [com.lovedise:permissiongen:0.0.6] AndroidManifest.xml:11:5-15:19
MERGED from [com.lovedise:permissiongen:0.0.6] AndroidManifest.xml:11:5-15:19
MERGED from [com.android.support:appcompat-v7:25.1.0] AndroidManifest.xml:25:5-20
MERGED from [com.android.support:appcompat-v7:25.1.0] AndroidManifest.xml:25:5-20
MERGED from [com.android.support:support-v4:25.1.0] AndroidManifest.xml:25:5-20
MERGED from [com.android.support:support-v4:25.1.0] AndroidManifest.xml:25:5-20
MERGED from [com.android.support.constraint:constraint-layout:1.1.2] AndroidManifest.xml:9:5-20
MERGED from [com.android.support.constraint:constraint-layout:1.1.2] AndroidManifest.xml:9:5-20
MERGED from [com.android.support:support-fragment:25.1.0] AndroidManifest.xml:25:5-20
MERGED from [com.android.support:support-fragment:25.1.0] AndroidManifest.xml:25:5-20
MERGED from [com.android.support:support-core-ui:25.1.0] AndroidManifest.xml:25:5-20
MERGED from [com.android.support:support-core-ui:25.1.0] AndroidManifest.xml:25:5-20
MERGED from [com.android.support:support-media-compat:25.1.0] AndroidManifest.xml:25:5-20
MERGED from [com.android.support:support-media-compat:25.1.0] AndroidManifest.xml:25:5-20
MERGED from [com.android.support:support-core-utils:25.1.0] AndroidManifest.xml:25:5-20
MERGED from [com.android.support:support-core-utils:25.1.0] AndroidManifest.xml:25:5-20
MERGED from [com.android.support:animated-vector-drawable:25.1.0] AndroidManifest.xml:22:5-20
MERGED from [com.android.support:animated-vector-drawable:25.1.0] AndroidManifest.xml:22:5-20
MERGED from [com.android.support:support-vector-drawable:25.1.0] AndroidManifest.xml:23:5-20
MERGED from [com.android.support:support-vector-drawable:25.1.0] AndroidManifest.xml:23:5-20
MERGED from [com.android.support:support-compat:25.1.0] AndroidManifest.xml:25:5-20
MERGED from [com.android.support:support-compat:25.1.0] AndroidManifest.xml:25:5-20
	android:supportsRtl
		ADDED from [com.lovedise:permissiongen:0.0.6] AndroidManifest.xml:14:9-35
	android:label
		ADDED from src\main\AndroidManifest.xml:70:9-41
	android:persistent
		ADDED from src\main\AndroidManifest.xml:72:9-34
	android:largeHeap
		ADDED from src\main\AndroidManifest.xml:71:9-33
	android:icon
		ADDED from src\main\AndroidManifest.xml:69:9-36
	android:allowBackup
		ADDED from src\main\AndroidManifest.xml:68:9-35
	android:theme
		ADDED from src\main\AndroidManifest.xml:73:9-39
	android:name
		ADDED from src\main\AndroidManifest.xml:67:9-71
activity#com.guomao.propertyservice.page.MainActivity
ADDED from src\main\AndroidManifest.xml:74:9-79:20
	android:screenOrientation
		ADDED from src\main\AndroidManifest.xml:78:13-49
	android:label
		ADDED from src\main\AndroidManifest.xml:76:13-45
	android:launchMode
		ADDED from src\main\AndroidManifest.xml:77:13-43
	android:name
		ADDED from src\main\AndroidManifest.xml:75:13-72
activity#com.guomao.propertyservice.page.Welcome
ADDED from src\main\AndroidManifest.xml:80:9-92:20
	android:screenOrientation
		ADDED from src\main\AndroidManifest.xml:86:13-49
	android:label
		ADDED from src\main\AndroidManifest.xml:84:13-45
	android:launchMode
		ADDED from src\main\AndroidManifest.xml:85:13-43
	android:exported
		ADDED from src\main\AndroidManifest.xml:83:13-36
	android:configChanges
		ADDED from src\main\AndroidManifest.xml:82:13-85
	android:name
		ADDED from src\main\AndroidManifest.xml:81:13-67
intent-filter#action:name:android.intent.action.MAIN+category:name:android.intent.category.LAUNCHER
ADDED from src\main\AndroidManifest.xml:87:13-91:29
action#android.intent.action.MAIN
ADDED from src\main\AndroidManifest.xml:88:17-69
	android:name
		ADDED from src\main\AndroidManifest.xml:88:25-66
category#android.intent.category.LAUNCHER
ADDED from src\main\AndroidManifest.xml:90:17-77
	android:name
		ADDED from src\main\AndroidManifest.xml:90:27-74
activity#com.guomao.propertyservice.widget.sign.SignActivity
ADDED from src\main\AndroidManifest.xml:93:9-100:20
	android:screenOrientation
		ADDED from src\main\AndroidManifest.xml:98:13-50
	android:label
		ADDED from src\main\AndroidManifest.xml:96:13-45
	android:launchMode
		ADDED from src\main\AndroidManifest.xml:97:13-43
	android:configChanges
		ADDED from src\main\AndroidManifest.xml:95:13-85
	android:theme
		ADDED from src\main\AndroidManifest.xml:99:13-43
	android:name
		ADDED from src\main\AndroidManifest.xml:94:13-79
activity#com.guomao.propertyservice.page.LoginActivity
ADDED from src\main\AndroidManifest.xml:101:9-107:20
	android:screenOrientation
		ADDED from src\main\AndroidManifest.xml:106:13-49
	android:label
		ADDED from src\main\AndroidManifest.xml:104:13-45
	android:launchMode
		ADDED from src\main\AndroidManifest.xml:105:13-43
	android:configChanges
		ADDED from src\main\AndroidManifest.xml:103:13-85
	android:name
		ADDED from src\main\AndroidManifest.xml:102:13-73
activity#com.guomao.propertyservice.page.LoginActivity2
ADDED from src\main\AndroidManifest.xml:108:9-114:20
	android:screenOrientation
		ADDED from src\main\AndroidManifest.xml:113:13-49
	android:label
		ADDED from src\main\AndroidManifest.xml:111:13-45
	android:launchMode
		ADDED from src\main\AndroidManifest.xml:112:13-43
	android:configChanges
		ADDED from src\main\AndroidManifest.xml:110:13-85
	android:name
		ADDED from src\main\AndroidManifest.xml:109:13-74
activity#com.guomao.propertyservice.widget.barcode.MipcaActivityCapture
ADDED from src\main\AndroidManifest.xml:115:9-120:20
	android:screenOrientation
		ADDED from src\main\AndroidManifest.xml:118:13-49
	android:windowSoftInputMode
		ADDED from src\main\AndroidManifest.xml:119:13-60
	android:configChanges
		ADDED from src\main\AndroidManifest.xml:117:13-63
	android:name
		ADDED from src\main\AndroidManifest.xml:116:13-90
activity#com.guomao.propertyservice.page.WebViewActivity
ADDED from src\main\AndroidManifest.xml:121:9-125:20
	android:screenOrientation
		ADDED from src\main\AndroidManifest.xml:124:13-49
	android:configChanges
		ADDED from src\main\AndroidManifest.xml:123:13-85
	android:name
		ADDED from src\main\AndroidManifest.xml:122:13-75
activity#com.guomao.propertyservice.widget.viewimage.ViewImagesActivity
ADDED from src\main\AndroidManifest.xml:126:9-130:20
	android:screenOrientation
		ADDED from src\main\AndroidManifest.xml:129:13-49
	android:configChanges
		ADDED from src\main\AndroidManifest.xml:128:13-74
	android:name
		ADDED from src\main\AndroidManifest.xml:127:13-90
activity#com.guomao.propertyservice.widget.mark.ShowImageActivity
ADDED from src\main\AndroidManifest.xml:132:9-133:20
	android:name
		ADDED from src\main\AndroidManifest.xml:132:19-90
activity#com.guomao.propertyservice.widget.imageselect.SelectPicActivity
ADDED from src\main\AndroidManifest.xml:134:9-135:20
	android:name
		ADDED from src\main\AndroidManifest.xml:134:19-97
activity#com.guomao.propertyservice.widget.mark.ImageActivity
ADDED from src\main\AndroidManifest.xml:136:9-137:20
	android:name
		ADDED from src\main\AndroidManifest.xml:136:19-86
service#com.guomao.propertyservice.service.SendOfflineDataService
ADDED from src\main\AndroidManifest.xml:155:9-156:19
	android:name
		ADDED from src\main\AndroidManifest.xml:155:18-90
service#com.guomao.propertyservice.service.UpdateDataService
ADDED from src\main\AndroidManifest.xml:157:9-158:19
	android:name
		ADDED from src\main\AndroidManifest.xml:157:18-85
service#com.guomao.propertyservice.service.OfflineData2Service
ADDED from src\main\AndroidManifest.xml:159:9-160:19
	android:name
		ADDED from src\main\AndroidManifest.xml:159:18-87
service#com.guomao.propertyservice.widget.tel.TelListener
ADDED from src\main\AndroidManifest.xml:161:9-162:19
	android:name
		ADDED from src\main\AndroidManifest.xml:161:18-82
receiver#com.guomao.propertyservice.receiver.NetWorkChangeReceiver
ADDED from src\main\AndroidManifest.xml:165:9-169:20
	android:name
		ADDED from src\main\AndroidManifest.xml:165:19-91
intent-filter#action:name:android.net.conn.CONNECTIVITY_CHANGE
ADDED from src\main\AndroidManifest.xml:166:13-168:29
	android:priority
		ADDED from src\main\AndroidManifest.xml:166:28-57
action#android.net.conn.CONNECTIVITY_CHANGE
ADDED from src\main\AndroidManifest.xml:167:17-79
	android:name
		ADDED from src\main\AndroidManifest.xml:167:25-76
meta-data#com.tencent.rdm.uuid
ADDED from src\main\AndroidManifest.xml:174:10-112
	android:value
		ADDED from src\main\AndroidManifest.xml:174:57-109
	android:name
		ADDED from src\main\AndroidManifest.xml:174:21-56
activity#com.tencent.android.tpush.XGPushActivity
ADDED from src\main\AndroidManifest.xml:178:9-186:20
	android:exported
		ADDED from src\main\AndroidManifest.xml:181:13-37
	android:theme
		ADDED from src\main\AndroidManifest.xml:180:13-61
	android:name
		ADDED from src\main\AndroidManifest.xml:179:13-68
intent-filter#action:name:android.intent.action
ADDED from src\main\AndroidManifest.xml:182:13-185:29
action#android.intent.action
ADDED from src\main\AndroidManifest.xml:184:17-64
	android:name
		ADDED from src\main\AndroidManifest.xml:184:25-61
receiver#com.tencent.android.tpush.XGPushReceiver
ADDED from src\main\AndroidManifest.xml:189:9-217:20
	android:process
		ADDED from src\main\AndroidManifest.xml:191:13-45
	android:name
		ADDED from src\main\AndroidManifest.xml:190:13-68
intent-filter#action:name:android.bluetooth.adapter.action.STATE_CHANGED+action:name:android.intent.action.ACTION_POWER_CONNECTED+action:name:android.intent.action.ACTION_POWER_DISCONNECTED+action:name:android.intent.action.USER_PRESENT+action:name:android.net.conn.CONNECTIVITY_CHANGE+action:name:com.tencent.android.tpush.action.INTERNAL_PUSH_MESSAGE+action:name:com.tencent.android.tpush.action.SDK
ADDED from src\main\AndroidManifest.xml:192:13-207:29
	android:priority
		ADDED from src\main\AndroidManifest.xml:192:28-57
action#com.tencent.android.tpush.action.SDK
ADDED from src\main\AndroidManifest.xml:195:17-79
	android:name
		ADDED from src\main\AndroidManifest.xml:195:25-76
action#com.tencent.android.tpush.action.INTERNAL_PUSH_MESSAGE
ADDED from src\main\AndroidManifest.xml:196:17-97
	android:name
		ADDED from src\main\AndroidManifest.xml:196:25-94
action#android.intent.action.USER_PRESENT
ADDED from src\main\AndroidManifest.xml:201:17-77
	android:name
		ADDED from src\main\AndroidManifest.xml:201:25-74
action#android.bluetooth.adapter.action.STATE_CHANGED
ADDED from src\main\AndroidManifest.xml:204:17-89
	android:name
		ADDED from src\main\AndroidManifest.xml:204:25-86
action#android.intent.action.ACTION_POWER_CONNECTED
ADDED from src\main\AndroidManifest.xml:205:17-87
	android:name
		ADDED from src\main\AndroidManifest.xml:205:25-84
action#android.intent.action.ACTION_POWER_DISCONNECTED
ADDED from src\main\AndroidManifest.xml:206:17-90
	android:name
		ADDED from src\main\AndroidManifest.xml:206:25-87
intent-filter#action:name:android.intent.action.MEDIA_CHECKING+action:name:android.intent.action.MEDIA_EJECT+action:name:android.intent.action.MEDIA_REMOVED+action:name:android.intent.action.MEDIA_UNMOUNTED+data:scheme:file
ADDED from src\main\AndroidManifest.xml:209:13-216:29
	android:priority
		ADDED from src\main\AndroidManifest.xml:209:28-57
action#android.intent.action.MEDIA_UNMOUNTED
ADDED from src\main\AndroidManifest.xml:210:17-80
	android:name
		ADDED from src\main\AndroidManifest.xml:210:25-77
action#android.intent.action.MEDIA_REMOVED
ADDED from src\main\AndroidManifest.xml:211:17-78
	android:name
		ADDED from src\main\AndroidManifest.xml:211:25-75
action#android.intent.action.MEDIA_CHECKING
ADDED from src\main\AndroidManifest.xml:212:17-79
	android:name
		ADDED from src\main\AndroidManifest.xml:212:25-76
action#android.intent.action.MEDIA_EJECT
ADDED from src\main\AndroidManifest.xml:213:17-76
	android:name
		ADDED from src\main\AndroidManifest.xml:213:25-73
data
ADDED from src\main\AndroidManifest.xml:215:17-47
	android:scheme
		ADDED from src\main\AndroidManifest.xml:215:23-44
service#com.tencent.android.tpush.service.XGPushServiceV3
ADDED from src\main\AndroidManifest.xml:219:9-224:37
	android:process
		ADDED from src\main\AndroidManifest.xml:223:13-45
	android:exported
		ADDED from src\main\AndroidManifest.xml:221:13-36
	android:permission
		ADDED from src\main\AndroidManifest.xml:224:13-34
	android:persistent
		ADDED from src\main\AndroidManifest.xml:222:13-38
	android:name
		ADDED from src\main\AndroidManifest.xml:220:13-77
service#com.tencent.android.tpush.service.XGDaemonService
ADDED from src\main\AndroidManifest.xml:227:9-229:48
	android:process
		ADDED from src\main\AndroidManifest.xml:229:13-45
	android:name
		ADDED from src\main\AndroidManifest.xml:228:13-77
receiver#com.guomao.propertyservice.receiver.XGmessageReceiver
ADDED from src\main\AndroidManifest.xml:233:9-241:20
	android:exported
		ADDED from src\main\AndroidManifest.xml:234:13-36
	android:name
		ADDED from src\main\AndroidManifest.xml:233:19-87
intent-filter#action:name:com.tencent.android.tpush.action.FEEDBACK+action:name:com.tencent.android.tpush.action.PUSH_MESSAGE
ADDED from src\main\AndroidManifest.xml:235:13-240:29
action#com.tencent.android.tpush.action.PUSH_MESSAGE
ADDED from src\main\AndroidManifest.xml:237:17-88
	android:name
		ADDED from src\main\AndroidManifest.xml:237:25-85
action#com.tencent.android.tpush.action.FEEDBACK
ADDED from src\main\AndroidManifest.xml:239:17-84
	android:name
		ADDED from src\main\AndroidManifest.xml:239:25-81
service#com.tencent.android.tpush.rpc.XGRemoteService
ADDED from src\main\AndroidManifest.xml:244:9-252:19
	android:exported
		ADDED from src\main\AndroidManifest.xml:246:13-36
	android:permission
		ADDED from src\main\AndroidManifest.xml:247:13-34
	android:name
		ADDED from src\main\AndroidManifest.xml:245:13-73
intent-filter#action:name:com.jinmaochina.propertyservice.PUSH_ACTION
ADDED from src\main\AndroidManifest.xml:248:13-251:29
action#com.jinmaochina.propertyservice.PUSH_ACTION
ADDED from src\main\AndroidManifest.xml:250:17-86
	android:name
		ADDED from src\main\AndroidManifest.xml:250:25-83
provider#com.tencent.android.tpush.XGPushProvider
ADDED from src\main\AndroidManifest.xml:255:9-259:15
	android:authorities
		ADDED from src\main\AndroidManifest.xml:257:13-78
	android:exported
		ADDED from src\main\AndroidManifest.xml:258:13-37
	android:name
		ADDED from src\main\AndroidManifest.xml:256:13-68
provider#com.tencent.android.tpush.SettingsContentProvider
ADDED from src\main\AndroidManifest.xml:262:9-265:40
	android:authorities
		ADDED from src\main\AndroidManifest.xml:264:13-81
	android:exported
		ADDED from src\main\AndroidManifest.xml:265:13-37
	android:name
		ADDED from src\main\AndroidManifest.xml:263:13-77
provider#com.tencent.mid.api.MidProvider
ADDED from src\main\AndroidManifest.xml:268:9-272:20
	android:authorities
		ADDED from src\main\AndroidManifest.xml:270:13-81
	android:exported
		ADDED from src\main\AndroidManifest.xml:271:13-37
	android:name
		ADDED from src\main\AndroidManifest.xml:269:13-59
meta-data#XG_V2_ACCESS_ID
ADDED from src\main\AndroidManifest.xml:279:6-281:42
	android:value
		ADDED from src\main\AndroidManifest.xml:281:13-39
	android:name
		ADDED from src\main\AndroidManifest.xml:280:13-43
meta-data#XG_V2_ACCESS_KEY
ADDED from src\main\AndroidManifest.xml:282:9-284:44
	android:value
		ADDED from src\main\AndroidManifest.xml:284:13-41
	android:name
		ADDED from src\main\AndroidManifest.xml:283:13-44
provider#android.support.v4.content.FileProvider
ADDED from src\main\AndroidManifest.xml:297:7-305:20
	android:grantUriPermissions
		ADDED from src\main\AndroidManifest.xml:301:13-47
	android:authorities
		ADDED from src\main\AndroidManifest.xml:299:13-86
	android:exported
		ADDED from src\main\AndroidManifest.xml:300:13-37
	android:name
		ADDED from src\main\AndroidManifest.xml:298:13-67
meta-data#android.support.FILE_PROVIDER_PATHS
ADDED from src\main\AndroidManifest.xml:302:13-304:54
	android:resource
		ADDED from src\main\AndroidManifest.xml:304:17-51
	android:name
		ADDED from src\main\AndroidManifest.xml:303:17-67
uses-permission#android.permission.READ_SETTINGS